CLASS
ID(Compiladores2020)
DIV
INTLIT(2019)
DIV
STAR
ID(Nao)
ID(esta)
ID(nada)
ID(facil)
ID(fazer)
ID(comp)
ID(O)
ID(valor)
ID(do)
ID(pi)
REALLIT(3.14)
ID(nao)
ID(e)
ID(igual)
ID(a)
REALLIT(34.34E-3)
STAR
DIV
STAR
STAR
DIV
WHILE
REALLIT(e-1)
RESERVED(++)
PRINT
LPAR
"ID(Nao)
ID(deu)
ID(em)
ID(nada)
\STRLIT(" \\ ")
RPAR
"ID(no)
ID(token)
DOTLENGTH
\ID(n)
\ID(f)
\DIV
DIV
ID(IMPORTANTE)
\ID(n)
éID(suposto)
ID(ser)
ID(ignorado)
REALLIT(0.0e0)
REALLIT(.0e0)
REALLIT(.0)
REALLIT(123.123e123)
ID(e)
RESERVED(--)
INTLIT(123)
ARROW
ID(reallit)
?STRLIT(" \\\\\n 	")
